UART ready!
5
got message: 5
appended at the end
10
got message: 10
appended at the end

finished
.__________________.
|   TIMERS DUMP    |
|__________________|
0) 5
1) 10
____________________
c
UART ready!
10
got message: 10
appended at the end

finished
.__________________.
|   TIMERS DUMP    |
|__________________|
0) 10
____________________
UART ready!
5000
got message: 5000
appended at the end

finished
.__________________.
|   TIMERS DUMP    |
|__________________|
0) 5000
____________________
mUART ready!
10000
got message: 10000
appended at the end

finished
.__________________.
|   TIMERS DUMP    |
|__________________|
0) 10000
____________________
UART ready!
10
got message: 10
appended at the end

finished
.__________________.
|   TIMERS DUMP    |
|__________________|
0) 10
____________________
UART ready!
65
got message: 65
appended at the end

finished
.__________________.
|   TIMERS DUMP    |
|__________________|
0) 65
____________________
UART ready!
100
got message: 100
appended at the end

finished
.__________________.
|   TIMERS DUMP    |
|__________________|
0) 100
____________________
UART ready!
10
got message: 10
appended at the end

finished
.__________________.
|   TIMERS DUMP    |
|__________________|
0) 10
____________________
UART ready!
10000
got message: 10000
appended at the end

finished
.__________________.
|   TIMERS DUMP    |
|__________________|
0) 10000
____________________
UART ready!
100
got message: 100
appended at the end

finished
.__________________.
|   TIMERS DUMP    |
|__________________|
0) 100
____________________
UART ready!
1000
got message: 1000
appended at the end
n
finished
.__________________.
|   TIMERS DUMP    |
|__________________|
0) 1000
____________________
UART ready!
10000
got message: 10000
appended at the end

finished
.__________________.
|   TIMERS DUMP    |
|__________________|
0) 10000
____________________
UART ready!
10
got message: 10
appended at the end
5
got message: 5
appended between

finished
.__________________.
|   TIMERS DUMP    |
|__________________|
0) 5
1) 10
____________________
UART ready!
1
got message: 1
appended at the end

finished
.__________________.
|   TIMERS DUMP    |
|__________________|
0) 1
____________________
